<?xml version="1.0" encoding="UTF-8"?>
<!-- Generated by org.testng.reporters.JUnitReportReporter -->
<testsuite skipped="0" hostname="IMP-DESK-099" name="maven.cucumber.naveen.testrunner.TestRunner" tests="1" failures="0" timestamp="07 Feb 2019 16:52:57 GMT" time="24.846" errors="0">
  <testcase name="feature" time="24.846" classname="maven.cucumber.naveen.testrunner.TestRunner"/>
</testsuite> <!-- maven.cucumber.naveen.testrunner.TestRunner -->
